<?xml version="1.0" encoding="UTF-8"?>
<testsuite xmlns:xsi="http://www.w3.org/2001/XMLSchema-instance" xsi:noNamespaceSchemaLocation="https://maven.apache.org/surefire/maven-surefire-plugin/xsd/surefire-test-report.xsd" name="TestSuite" time="4.119" tests="4" errors="0" skipped="0" failures="2">
  <properties>
[...]
</properties>
  <testcase name="deleteObject" classname="com.lolc.testcases.api.Requests" time="2.669">
    <failure message="1 expectation failed.&#10;Expected status code &lt;200&gt; but was &lt;405&gt;.&#10;" type="java.lang.AssertionError"><![CDATA[java.lang.AssertionError: 
1 expectation failed.
Expected status code <200> but was <405>.

	at com.lolc.testcases.api.Requests.deleteObject(Requests.java:84)
]]></failure>
    <system-out><![CDATA[HTTP/1.1 200 OK
Date: Sun, 05 Nov 2023 15:01:07 GMT
Content-Type: application/json
Transfer-Encoding: chunked
Connection: keep-alive
Vary: Origin
Vary: Access-Control-Request-Method
Vary: Access-Control-Request-Headers
CF-Cache-Status: DYNAMIC
Report-To: {"endpoints":[{"url":"https:\/\/a.nel.cloudflare.com\/report\/v3?s=YW3KQ%2FZ6lltml28TpccEDZj2t7VTYdml1aSDZR6miSuxeG1fMuyLxnFq6h2CpoP6EAw3%2BKT2iktA%2B86y1ou61eX9ETIhbO1z2KJL47eYADTSRHEJQh5f9vWnF8RhSIfp3oEKZskG"}],"group":"cf-nel","max_age":604800}
NEL: {"success_fraction":0,"report_to":"cf-nel","max_age":604800}
Server: cloudflare
CF-RAY: 8215f862ada85134-CMB
Content-Encoding: gzip
alt-svc: h3=":443"; ma=86400

{
    "id": "ff8081818b8f5d07018ba00079e5101e",
    "name": "Apple MacBook Pro 16",
    "createdAt": "2023-11-05T15:01:07.685+00:00",
    "data": {
        "year": 2019,
        "price": 1849.99,
        "CPU model": "Intel Core i9",
        "Hard disk size": "1 TB"
    }
}
HTTP/1.1 200 OK
Date: Sun, 05 Nov 2023 15:01:07 GMT
Content-Type: application/json
Transfer-Encoding: chunked
Connection: keep-alive
Vary: Origin
Vary: Access-Control-Request-Method
Vary: Access-Control-Request-Headers
CF-Cache-Status: DYNAMIC
Report-To: {"endpoints":[{"url":"https:\/\/a.nel.cloudflare.com\/report\/v3?s=BcnGc9VZ9R6IsJ5GRa3dWrPYHVWeze63lqqwRN%2BH6BVdP31%2B%2FadsTgycB%2BtRsdaTg8na8QPggA9RBdhwNIHcMXSAPEN7P%2BioPiacuP9srmYqiwrv3a3%2BABvOyrvaeNJtYrnOaB7R"}],"group":"cf-nel","max_age":604800}
NEL: {"success_fraction":0,"report_to":"cf-nel","max_age":604800}
Server: cloudflare
CF-RAY: 8215f862adcf5138-CMB
Content-Encoding: gzip
alt-svc: h3=":443"; ma=86400

[
    {
        "id": "1",
        "name": "Google Pixel 6 Pro",
        "data": {
            "color": "Cloudy White",
            "capacity": "128 GB"
        }
    },
    {
        "id": "2",
        "name": "Apple iPhone 12 Mini, 256GB, Blue",
        "data": null
    },
    {
        "id": "3",
        "name": "Apple iPhone 12 Pro Max",
        "data": {
            "color": "Cloudy White",
            "capacity GB": 512
        }
    },
    {
        "id": "4",
        "name": "Apple iPhone 11, 64GB",
        "data": {
            "price": 389.99,
            "color": "Purple"
        }
    },
    {
        "id": "5",
        "name": "Samsung Galaxy Z Fold2",
        "data": {
            "price": 689.99,
            "color": "Brown"
        }
    },
    {
        "id": "6",
        "name": "Apple AirPods",
        "data": {
            "generation": "3rd",
            "price": 120
        }
    },
    {
        "id": "7",
        "name": "Apple MacBook Pro 16",
        "data": {
            "year": 2019,
            "price": 1849.99,
            "CPU model": "Intel Core i9",
            "Hard disk size": "1 TB"
        }
    },
    {
        "id": "8",
        "name": "Apple Watch Series 8",
        "data": {
            "Strap Colour": "Elderberry",
            "Case Size": "41mm"
        }
    },
    {
        "id": "9",
        "name": "Beats Studio3 Wireless",
        "data": {
            "Color": "Red",
            "Description": "High-performance wireless noise cancelling headphones"
        }
    },
    {
        "id": "10",
        "name": "Apple iPad Mini 5th Gen",
        "data": {
            "Capacity": "64 GB",
            "Screen size": 7.9
        }
    },
    {
        "id": "11",
        "name": "Apple iPad Mini 5th Gen",
        "data": {
            "Capacity": "254 GB",
            "Screen size": 7.9
        }
    },
    {
        "id": "12",
        "name": "Apple iPad Air",
        "data": {
            "Generation": "4th",
            "Price": "419.99",
            "Capacity": "64 GB"
        }
    },
    {
        "id": "13",
        "name": "Apple iPad Air",
        "data": {
            "Generation": "4th",
            "Price": "519.99",
            "Capacity": "256 GB"
        }
    }
]
HTTP/1.1 405 Method Not Allowed
Date: Sun, 05 Nov 2023 15:01:07 GMT
Content-Type: application/json
Transfer-Encoding: chunked
Connection: keep-alive
Vary: Origin
Vary: Access-Control-Request-Method
Vary: Access-Control-Request-Headers
CF-Cache-Status: DYNAMIC
Report-To: {"endpoints":[{"url":"https:\/\/a.nel.cloudflare.com\/report\/v3?s=IWJPr7IUCs6tRzsp7k2nuDwX50IhX%2Ffpainh8TbYt90NrjfjeH5MeUlETg4xhig1IxkhsWyugbJ%2Fq%2BZEfxplBI6FRGie%2FzNfpu4gLUk2cUwKfO1TQopfCCcweWBpSOUobFWc4fjF"}],"group":"cf-nel","max_age":604800}
NEL: {"success_fraction":0,"report_to":"cf-nel","max_age":604800}
Server: cloudflare
CF-RAY: 8215f862ada45134-CMB
alt-svc: h3=":443"; ma=86400

{
    "error": "7 is a reserved id and the data object of it cannot be overridden. You can create a new object via POST request and use new generated by id from it to send a PUT request."
}
HTTP/1.1 405 Method Not Allowed
Date: Sun, 05 Nov 2023 15:01:07 GMT
Content-Type: application/json
Transfer-Encoding: chunked
Connection: keep-alive
Vary: Origin
Vary: Access-Control-Request-Method
Vary: Access-Control-Request-Headers
CF-Cache-Status: DYNAMIC
Report-To: {"endpoints":[{"url":"https:\/\/a.nel.cloudflare.com\/report\/v3?s=wzl0m462p0w%2FdQ%2F6w1hklRshv2vTkD6tGcnXpZO8agQw2QBGmHFBH1IluTcGNKB3%2BcHnSq5TsG1sKuC8zKMt3NZD2xxVmOZWfycs4MMj6b39CKX2FC13ur8k1QKDeCUBXkBLlFWy"}],"group":"cf-nel","max_age":604800}
NEL: {"success_fraction":0,"report_to":"cf-nel","max_age":604800}
Server: cloudflare
CF-RAY: 8215f862ada55134-CMB
alt-svc: h3=":443"; ma=86400

{
    "error": "6 is a reserved id and the data object of it cannot be deleted. You can create your own new object via POST request and try to send a DELETE request with new generated object id."
}
]]></system-out>
  </testcase>
  <testcase name="updateObject" classname="com.lolc.testcases.api.Requests" time="2.67">
    <failure message="1 expectation failed.&#10;Expected status code &lt;200&gt; but was &lt;405&gt;.&#10;" type="java.lang.AssertionError"><![CDATA[java.lang.AssertionError: 
1 expectation failed.
Expected status code <200> but was <405>.

	at com.lolc.testcases.api.Requests.updateObject(Requests.java:67)
]]></failure>
  </testcase>
  <testcase name="addObject" classname="com.lolc.testcases.api.Requests" time="3.089"/>
  <testcase name="getListOfAllObjects" classname="com.lolc.testcases.api.Requests" time="3.089"/>
</testsuite>