<?xml version="1.0" encoding="UTF-8"?>
<testsuite xmlns:xsi="http://www.w3.org/2001/XMLSchema-instance" xsi:noNamespaceSchemaLocation="https://maven.apache.org/surefire/maven-surefire-plugin/xsd/surefire-test-report.xsd" name="TestSuite" time="7.311" tests="17" errors="0" skipped="16" failures="1">
  <properties>
[...]
</properties>
  <testcase name="initialLoad" classname="com.lolc.testcases.web.SLLoginTestCase" time="0.51">
    <failure type="java.lang.NullPointerException">java.lang.NullPointerException
	at com.lolc.testcases.web.SLLoginTestCase.initialLoad(SLLoginTestCase.java:17)
</failure>
  </testcase>
  <testcase name="verifyInvalidPassword" classname="com.lolc.testcases.web.SLLoginTestCase" time="0">
    <skipped/>
  </testcase>
  <testcase name="closure" classname="com.lolc.testcases.web.SLLoginTestCase" time="0">
    <skipped/>
  </testcase>
  <testcase name="closure" classname="com.lolc.testcases.web.SLLoginTestCase" time="0">
    <skipped/>
  </testcase>
  <testcase name="closure" classname="com.lolc.testcases.web.SLLoginTestCase" time="0">
    <skipped/>
  </testcase>
  <testcase name="closure" classname="com.lolc.testcases.web.SLLoginTestCase" time="0">
    <skipped/>
  </testcase>
  <testcase name="closure" classname="com.lolc.testcases.web.SLLoginTestCase" time="0">
    <skipped/>
  </testcase>
  <testcase name="createReport" classname="com.lolc.testcases.web.SLLoginTestCase" time="0">
    <skipped/>
  </testcase>
  <testcase name="createReport" classname="com.lolc.testcases.web.SLLoginTestCase" time="0">
    <skipped/>
  </testcase>
  <testcase name="createReport" classname="com.lolc.testcases.web.SLLoginTestCase" time="0">
    <skipped/>
  </testcase>
  <testcase name="createReport" classname="com.lolc.testcases.web.SLLoginTestCase" time="0">
    <skipped/>
  </testcase>
  <testcase name="createReport" classname="com.lolc.testcases.web.SLLoginTestCase" time="0">
    <skipped/>
  </testcase>
  <testcase name="verifyInvalidUsername" classname="com.lolc.testcases.web.SLLoginTestCase" time="0">
    <skipped/>
    <system-err><![CDATA[SSStSatartingtart ChromeDrivrtintge ingCrhromeDrivera 1rting ChromeDriver 119.0.6045.105 (38c72552c5e15ba9b3117c0967a0fd105072d7c6-refs/branch-heads/6045@{#1103}) on port 9503
Only local connections are allowed.
Please see https://chromedriver.chromium.org/security-considerations for suggestions on keeping ChromeDriver safe.
 119.0.6045.105 (38c72552c5e15ba9b3117c0967a0fd105072d7c6-refs/branch-heads/6045@{#1103}) on port 12575
Only local connections are allowed.
Please see https://chromedriver.chromium.org/security-considerations for suggestions on keeping ChromeDriver safe.
 ChromeDriver 119.0.6045.105 (38c72552c5e15ba9b3117c0967a0fd105072d7c6-refs/branch-heads/6045@{#1103}) on port 34996
Only local connections are allowed.
Please see https://chromedriver.chromium.org/security-considerations for suggestions on keeping ChromeDriver safe.
19.0.6045.105 (38c72552c5e15ba9b3117c0967a0fd105072d7c6-refs/branch-heads/6045@{#1103}) on port 23060
Only local connections are allowed.
Please see https://chromedriver.chromium.org/security-considerations for suggestions on keeping ChromeDriver safe.
ChromeDriver was started successfully.
ChromeDriver was started successfully.
ChromeDriver was started successfully.
ChromeDriver was started successfully.
Nov 04, 2023 10:21:53 PM org.openqa.selenium.remote.ProtocolHandshake createSession
INFO: Detected dialect: W3C
Nov 04, 2023 10:21:53 PM org.openqa.selenium.remote.ProtocolHandshake createSession
INFO: Detected dialect: W3C
Nov 04, 2023 10:21:53 PM org.openqa.selenium.remote.ProtocolHandshake createSession
INFO: Detected dialect: W3C
Nov 04, 2023 10:21:53 PM org.openqa.selenium.remote.ProtocolHandshake createSession
INFO: Detected dialect: W3C
]]></system-err>
  </testcase>
  <testcase name="verifyEmptyUsername" classname="com.lolc.testcases.web.SLLoginTestCase" time="0">
    <skipped/>
  </testcase>
  <testcase name="verifySuccessLogin" classname="com.lolc.testcases.web.SLLoginTestCase" time="0">
    <skipped/>
  </testcase>
  <testcase name="verifyEmptyPassword" classname="com.lolc.testcases.web.SLLoginTestCase" time="0">
    <skipped/>
  </testcase>
  <testcase name="tearDown" classname="com.lolc.testcases.web.SLLoginTestCase" time="0">
    <skipped/>
  </testcase>
</testsuite>