<?xml version="1.0" encoding="UTF-8"?>
<testng-results ignored="0" total="5" passed="0" failed="0" skipped="5">
  <reporter-output>
  </reporter-output>
  <suite started-at="2023-11-04T22:21:49 IST" name="LOLCTestSuite" finished-at="2023-11-04T22:21:56 IST" duration-ms="6832">
    <groups>
    </groups>
    <test started-at="2023-11-04T22:21:49 IST" name="LOLCTest" finished-at="2023-11-04T22:21:56 IST" duration-ms="6832">
      <class name="com.lolc.testcases.web.SLLoginTestCase">
        <test-method is-config="true" signature="setupReport()[pri:0, instance:com.lolc.testcases.web.SLLoginTestCase@1f2586d6]" started-at="2023-11-04T22:21:49 IST" name="setupReport" finished-at="2023-11-04T22:21:49 IST" duration-ms="152" status="PASS">
          <reporter-output>
          </reporter-output>
        </test-method> <!-- setupReport -->
        <test-method is-config="true" signature="initialLoad()[pri:0, instance:com.lolc.testcases.web.SLLoginTestCase@1f2586d6]" started-at="2023-11-04T22:21:49 IST" name="initialLoad" finished-at="2023-11-04T22:21:55 IST" duration-ms="6309" status="PASS">
          <reporter-output>
          </reporter-output>
        </test-method> <!-- initialLoad -->
        <test-method is-config="true" signature="initialLoad()[pri:0, instance:com.lolc.testcases.web.SLLoginTestCase@1f2586d6]" started-at="2023-11-04T22:21:49 IST" name="initialLoad" finished-at="2023-11-04T22:21:55 IST" duration-ms="6592" status="PASS">
          <reporter-output>
          </reporter-output>
        </test-method> <!-- initialLoad -->
        <test-method is-config="true" signature="initialLoad()[pri:0, instance:com.lolc.testcases.web.SLLoginTestCase@1f2586d6]" started-at="2023-11-04T22:21:49 IST" name="initialLoad" finished-at="2023-11-04T22:21:56 IST" duration-ms="6646" status="PASS">
          <reporter-output>
          </reporter-output>
        </test-method> <!-- initialLoad -->
        <test-method is-config="true" signature="initialLoad()[pri:0, instance:com.lolc.testcases.web.SLLoginTestCase@1f2586d6]" started-at="2023-11-04T22:21:49 IST" name="initialLoad" finished-at="2023-11-04T22:21:49 IST" duration-ms="0" status="FAIL">
          <exception class="java.lang.NullPointerException">
            <full-stacktrace>
              <![CDATA[java.lang.NullPointerException
at java.base/java.util.concurrent.ConcurrentHashMap.putVal(ConcurrentHashMap.java:1011)
at java.base/java.util.concurrent.ConcurrentHashMap.put(ConcurrentHashMap.java:1006)
at java.base/java.util.Properties.put(Properties.java:1326)
at java.base/java.util.Properties.setProperty(Properties.java:226)
at java.base/java.lang.System.setProperty(System.java:896)
at com.lolc.base.TestBase.setupWebdriver(TestBase.java:39)
at com.lolc.testcases.web.SLLoginTestCase.initialLoad(SLLoginTestCase.java:17)
at java.base/jdk.internal.reflect.NativeMethodAccessorImpl.invoke0(Native Method)
at java.base/jdk.internal.reflect.NativeMethodAccessorImpl.invoke(NativeMethodAccessorImpl.java:62)
at java.base/jdk.internal.reflect.DelegatingMethodAccessorImpl.invoke(DelegatingMethodAccessorImpl.java:43)
at java.base/java.lang.reflect.Method.invoke(Method.java:566)
at org.testng.internal.MethodInvocationHelper.invokeMethod(MethodInvocationHelper.java:132)
at org.testng.internal.MethodInvocationHelper.invokeMethodConsideringTimeout(MethodInvocationHelper.java:61)
at org.testng.internal.ConfigInvoker.invokeConfigurationMethod(ConfigInvoker.java:366)
at org.testng.internal.ConfigInvoker.invokeConfigurations(ConfigInvoker.java:320)
at org.testng.internal.TestInvoker.runConfigMethods(TestInvoker.java:701)
at org.testng.internal.TestInvoker.invokeMethod(TestInvoker.java:527)
at org.testng.internal.TestInvoker.invokeTestMethod(TestInvoker.java:174)
at org.testng.internal.MethodRunner.runInSequence(MethodRunner.java:46)
at org.testng.internal.TestInvoker$MethodInvocationAgent.invoke(TestInvoker.java:822)
at org.testng.internal.TestInvoker.invokeTestMethods(TestInvoker.java:147)
at org.testng.internal.TestMethodWorker.invokeTestMethods(TestMethodWorker.java:146)
at org.testng.internal.TestMethodWorker.run(TestMethodWorker.java:128)
at java.base/java.util.concurrent.ThreadPoolExecutor.runWorker(ThreadPoolExecutor.java:1128)
at java.base/java.util.concurrent.ThreadPoolExecutor$Worker.run(ThreadPoolExecutor.java:628)
at java.base/java.lang.Thread.run(Thread.java:834)
]]>
            </full-stacktrace>
          </exception> <!-- java.lang.NullPointerException -->
          <reporter-output>
          </reporter-output>
        </test-method> <!-- initialLoad -->
        <test-method is-config="true" signature="initialLoad()[pri:0, instance:com.lolc.testcases.web.SLLoginTestCase@1f2586d6]" started-at="2023-11-04T22:21:49 IST" name="initialLoad" finished-at="2023-11-04T22:21:55 IST" duration-ms="6419" status="PASS">
          <reporter-output>
          </reporter-output>
        </test-method> <!-- initialLoad -->
        <test-method signature="verifyInvalidPassword()[pri:3, instance:com.lolc.testcases.web.SLLoginTestCase@1f2586d6]" started-at="2023-11-04T22:21:49 IST" name="verifyInvalidPassword" finished-at="2023-11-04T22:21:49 IST" duration-ms="0" status="SKIP">
          <exception class="java.lang.NullPointerException">
            <full-stacktrace>
              <![CDATA[java.lang.NullPointerException
at java.base/java.util.concurrent.ConcurrentHashMap.putVal(ConcurrentHashMap.java:1011)
at java.base/java.util.concurrent.ConcurrentHashMap.put(ConcurrentHashMap.java:1006)
at java.base/java.util.Properties.put(Properties.java:1326)
at java.base/java.util.Properties.setProperty(Properties.java:226)
at java.base/java.lang.System.setProperty(System.java:896)
at com.lolc.base.TestBase.setupWebdriver(TestBase.java:39)
at com.lolc.testcases.web.SLLoginTestCase.initialLoad(SLLoginTestCase.java:17)
at java.base/jdk.internal.reflect.NativeMethodAccessorImpl.invoke0(Native Method)
at java.base/jdk.internal.reflect.NativeMethodAccessorImpl.invoke(NativeMethodAccessorImpl.java:62)
at java.base/jdk.internal.reflect.DelegatingMethodAccessorImpl.invoke(DelegatingMethodAccessorImpl.java:43)
at java.base/java.lang.reflect.Method.invoke(Method.java:566)
at org.testng.internal.MethodInvocationHelper.invokeMethod(MethodInvocationHelper.java:132)
at org.testng.internal.MethodInvocationHelper.invokeMethodConsideringTimeout(MethodInvocationHelper.java:61)
at org.testng.internal.ConfigInvoker.invokeConfigurationMethod(ConfigInvoker.java:366)
at org.testng.internal.ConfigInvoker.invokeConfigurations(ConfigInvoker.java:320)
at org.testng.internal.TestInvoker.runConfigMethods(TestInvoker.java:701)
at org.testng.internal.TestInvoker.invokeMethod(TestInvoker.java:527)
at org.testng.internal.TestInvoker.invokeTestMethod(TestInvoker.java:174)
at org.testng.internal.MethodRunner.runInSequence(MethodRunner.java:46)
at org.testng.internal.TestInvoker$MethodInvocationAgent.invoke(TestInvoker.java:822)
at org.testng.internal.TestInvoker.invokeTestMethods(TestInvoker.java:147)
at org.testng.internal.TestMethodWorker.invokeTestMethods(TestMethodWorker.java:146)
at org.testng.internal.TestMethodWorker.run(TestMethodWorker.java:128)
at java.base/java.util.concurrent.ThreadPoolExecutor.runWorker(ThreadPoolExecutor.java:1128)
at java.base/java.util.concurrent.ThreadPoolExecutor$Worker.run(ThreadPoolExecutor.java:628)
at java.base/java.lang.Thread.run(Thread.java:834)
]]>
            </full-stacktrace>
          </exception> <!-- java.lang.NullPointerException -->
          <reporter-output>
          </reporter-output>
        </test-method> <!-- verifyInvalidPassword -->
        <test-method is-config="true" signature="createReport(org.testng.ITestResult)[pri:0, instance:com.lolc.testcases.web.SLLoginTestCase@1f2586d6]" started-at="2023-11-04T22:21:49 IST" name="createReport" finished-at="1970-01-01T05:30:00 IST" duration-ms="-1699116709385" status="SKIP">
          <reporter-output>
          </reporter-output>
        </test-method> <!-- createReport -->
        <test-method is-config="true" signature="closure()[pri:0, instance:com.lolc.testcases.web.SLLoginTestCase@1f2586d6]" started-at="2023-11-04T22:21:49 IST" name="closure" finished-at="1970-01-01T05:30:00 IST" duration-ms="-1699116709385" status="SKIP">
          <reporter-output>
          </reporter-output>
        </test-method> <!-- closure -->
        <test-method signature="verifyInvalidUsername()[pri:2, instance:com.lolc.testcases.web.SLLoginTestCase@1f2586d6]" started-at="2023-11-04T22:21:55 IST" name="verifyInvalidUsername" finished-at="2023-11-04T22:21:55 IST" duration-ms="0" status="SKIP">
          <exception class="java.lang.NullPointerException">
            <full-stacktrace>
              <![CDATA[java.lang.NullPointerException
at java.base/java.util.concurrent.ConcurrentHashMap.putVal(ConcurrentHashMap.java:1011)
at java.base/java.util.concurrent.ConcurrentHashMap.put(ConcurrentHashMap.java:1006)
at java.base/java.util.Properties.put(Properties.java:1326)
at java.base/java.util.Properties.setProperty(Properties.java:226)
at java.base/java.lang.System.setProperty(System.java:896)
at com.lolc.base.TestBase.setupWebdriver(TestBase.java:39)
at com.lolc.testcases.web.SLLoginTestCase.initialLoad(SLLoginTestCase.java:17)
at java.base/jdk.internal.reflect.NativeMethodAccessorImpl.invoke0(Native Method)
at java.base/jdk.internal.reflect.NativeMethodAccessorImpl.invoke(NativeMethodAccessorImpl.java:62)
at java.base/jdk.internal.reflect.DelegatingMethodAccessorImpl.invoke(DelegatingMethodAccessorImpl.java:43)
at java.base/java.lang.reflect.Method.invoke(Method.java:566)
at org.testng.internal.MethodInvocationHelper.invokeMethod(MethodInvocationHelper.java:132)
at org.testng.internal.MethodInvocationHelper.invokeMethodConsideringTimeout(MethodInvocationHelper.java:61)
at org.testng.internal.ConfigInvoker.invokeConfigurationMethod(ConfigInvoker.java:366)
at org.testng.internal.ConfigInvoker.invokeConfigurations(ConfigInvoker.java:320)
at org.testng.internal.TestInvoker.runConfigMethods(TestInvoker.java:701)
at org.testng.internal.TestInvoker.invokeMethod(TestInvoker.java:527)
at org.testng.internal.TestInvoker.invokeTestMethod(TestInvoker.java:174)
at org.testng.internal.MethodRunner.runInSequence(MethodRunner.java:46)
at org.testng.internal.TestInvoker$MethodInvocationAgent.invoke(TestInvoker.java:822)
at org.testng.internal.TestInvoker.invokeTestMethods(TestInvoker.java:147)
at org.testng.internal.TestMethodWorker.invokeTestMethods(TestMethodWorker.java:146)
at org.testng.internal.TestMethodWorker.run(TestMethodWorker.java:128)
at java.base/java.util.concurrent.ThreadPoolExecutor.runWorker(ThreadPoolExecutor.java:1128)
at java.base/java.util.concurrent.ThreadPoolExecutor$Worker.run(ThreadPoolExecutor.java:628)
at java.base/java.lang.Thread.run(Thread.java:834)
]]>
            </full-stacktrace>
          </exception> <!-- java.lang.NullPointerException -->
          <reporter-output>
          </reporter-output>
        </test-method> <!-- verifyInvalidUsername -->
        <test-method is-config="true" signature="closure()[pri:0, instance:com.lolc.testcases.web.SLLoginTestCase@1f2586d6]" started-at="2023-11-04T22:21:55 IST" name="closure" finished-at="1970-01-01T05:30:00 IST" duration-ms="-1699116715683" status="SKIP">
          <reporter-output>
          </reporter-output>
        </test-method> <!-- closure -->
        <test-method is-config="true" signature="createReport(org.testng.ITestResult)[pri:0, instance:com.lolc.testcases.web.SLLoginTestCase@1f2586d6]" started-at="2023-11-04T22:21:55 IST" name="createReport" finished-at="1970-01-01T05:30:00 IST" duration-ms="-1699116715685" status="SKIP">
          <reporter-output>
          </reporter-output>
        </test-method> <!-- createReport -->
        <test-method signature="verifyEmptyUsername()[pri:4, instance:com.lolc.testcases.web.SLLoginTestCase@1f2586d6]" started-at="2023-11-04T22:21:55 IST" name="verifyEmptyUsername" finished-at="2023-11-04T22:21:55 IST" duration-ms="0" status="SKIP">
          <exception class="java.lang.NullPointerException">
            <full-stacktrace>
              <![CDATA[java.lang.NullPointerException
at java.base/java.util.concurrent.ConcurrentHashMap.putVal(ConcurrentHashMap.java:1011)
at java.base/java.util.concurrent.ConcurrentHashMap.put(ConcurrentHashMap.java:1006)
at java.base/java.util.Properties.put(Properties.java:1326)
at java.base/java.util.Properties.setProperty(Properties.java:226)
at java.base/java.lang.System.setProperty(System.java:896)
at com.lolc.base.TestBase.setupWebdriver(TestBase.java:39)
at com.lolc.testcases.web.SLLoginTestCase.initialLoad(SLLoginTestCase.java:17)
at java.base/jdk.internal.reflect.NativeMethodAccessorImpl.invoke0(Native Method)
at java.base/jdk.internal.reflect.NativeMethodAccessorImpl.invoke(NativeMethodAccessorImpl.java:62)
at java.base/jdk.internal.reflect.DelegatingMethodAccessorImpl.invoke(DelegatingMethodAccessorImpl.java:43)
at java.base/java.lang.reflect.Method.invoke(Method.java:566)
at org.testng.internal.MethodInvocationHelper.invokeMethod(MethodInvocationHelper.java:132)
at org.testng.internal.MethodInvocationHelper.invokeMethodConsideringTimeout(MethodInvocationHelper.java:61)
at org.testng.internal.ConfigInvoker.invokeConfigurationMethod(ConfigInvoker.java:366)
at org.testng.internal.ConfigInvoker.invokeConfigurations(ConfigInvoker.java:320)
at org.testng.internal.TestInvoker.runConfigMethods(TestInvoker.java:701)
at org.testng.internal.TestInvoker.invokeMethod(TestInvoker.java:527)
at org.testng.internal.TestInvoker.invokeTestMethod(TestInvoker.java:174)
at org.testng.internal.MethodRunner.runInSequence(MethodRunner.java:46)
at org.testng.internal.TestInvoker$MethodInvocationAgent.invoke(TestInvoker.java:822)
at org.testng.internal.TestInvoker.invokeTestMethods(TestInvoker.java:147)
at org.testng.internal.TestMethodWorker.invokeTestMethods(TestMethodWorker.java:146)
at org.testng.internal.TestMethodWorker.run(TestMethodWorker.java:128)
at java.base/java.util.concurrent.ThreadPoolExecutor.runWorker(ThreadPoolExecutor.java:1128)
at java.base/java.util.concurrent.ThreadPoolExecutor$Worker.run(ThreadPoolExecutor.java:628)
at java.base/java.lang.Thread.run(Thread.java:834)
]]>
            </full-stacktrace>
          </exception> <!-- java.lang.NullPointerException -->
          <reporter-output>
          </reporter-output>
        </test-method> <!-- verifyEmptyUsername -->
        <test-method is-config="true" signature="closure()[pri:0, instance:com.lolc.testcases.web.SLLoginTestCase@1f2586d6]" started-at="2023-11-04T22:21:55 IST" name="closure" finished-at="1970-01-01T05:30:00 IST" duration-ms="-1699116715794" status="SKIP">
          <reporter-output>
          </reporter-output>
        </test-method> <!-- closure -->
        <test-method is-config="true" signature="createReport(org.testng.ITestResult)[pri:0, instance:com.lolc.testcases.web.SLLoginTestCase@1f2586d6]" started-at="2023-11-04T22:21:55 IST" name="createReport" finished-at="1970-01-01T05:30:00 IST" duration-ms="-1699116715794" status="SKIP">
          <reporter-output>
          </reporter-output>
        </test-method> <!-- createReport -->
        <test-method signature="verifySuccessLogin()[pri:1, instance:com.lolc.testcases.web.SLLoginTestCase@1f2586d6]" started-at="2023-11-04T22:21:55 IST" name="verifySuccessLogin" finished-at="2023-11-04T22:21:55 IST" duration-ms="0" status="SKIP">
          <exception class="java.lang.NullPointerException">
            <full-stacktrace>
              <![CDATA[java.lang.NullPointerException
at java.base/java.util.concurrent.ConcurrentHashMap.putVal(ConcurrentHashMap.java:1011)
at java.base/java.util.concurrent.ConcurrentHashMap.put(ConcurrentHashMap.java:1006)
at java.base/java.util.Properties.put(Properties.java:1326)
at java.base/java.util.Properties.setProperty(Properties.java:226)
at java.base/java.lang.System.setProperty(System.java:896)
at com.lolc.base.TestBase.setupWebdriver(TestBase.java:39)
at com.lolc.testcases.web.SLLoginTestCase.initialLoad(SLLoginTestCase.java:17)
at java.base/jdk.internal.reflect.NativeMethodAccessorImpl.invoke0(Native Method)
at java.base/jdk.internal.reflect.NativeMethodAccessorImpl.invoke(NativeMethodAccessorImpl.java:62)
at java.base/jdk.internal.reflect.DelegatingMethodAccessorImpl.invoke(DelegatingMethodAccessorImpl.java:43)
at java.base/java.lang.reflect.Method.invoke(Method.java:566)
at org.testng.internal.MethodInvocationHelper.invokeMethod(MethodInvocationHelper.java:132)
at org.testng.internal.MethodInvocationHelper.invokeMethodConsideringTimeout(MethodInvocationHelper.java:61)
at org.testng.internal.ConfigInvoker.invokeConfigurationMethod(ConfigInvoker.java:366)
at org.testng.internal.ConfigInvoker.invokeConfigurations(ConfigInvoker.java:320)
at org.testng.internal.TestInvoker.runConfigMethods(TestInvoker.java:701)
at org.testng.internal.TestInvoker.invokeMethod(TestInvoker.java:527)
at org.testng.internal.TestInvoker.invokeTestMethod(TestInvoker.java:174)
at org.testng.internal.MethodRunner.runInSequence(MethodRunner.java:46)
at org.testng.internal.TestInvoker$MethodInvocationAgent.invoke(TestInvoker.java:822)
at org.testng.internal.TestInvoker.invokeTestMethods(TestInvoker.java:147)
at org.testng.internal.TestMethodWorker.invokeTestMethods(TestMethodWorker.java:146)
at org.testng.internal.TestMethodWorker.run(TestMethodWorker.java:128)
at java.base/java.util.concurrent.ThreadPoolExecutor.runWorker(ThreadPoolExecutor.java:1128)
at java.base/java.util.concurrent.ThreadPoolExecutor$Worker.run(ThreadPoolExecutor.java:628)
at java.base/java.lang.Thread.run(Thread.java:834)
]]>
            </full-stacktrace>
          </exception> <!-- java.lang.NullPointerException -->
          <reporter-output>
          </reporter-output>
        </test-method> <!-- verifySuccessLogin -->
        <test-method is-config="true" signature="closure()[pri:0, instance:com.lolc.testcases.web.SLLoginTestCase@1f2586d6]" started-at="2023-11-04T22:21:55 IST" name="closure" finished-at="1970-01-01T05:30:00 IST" duration-ms="-1699116715966" status="SKIP">
          <reporter-output>
          </reporter-output>
        </test-method> <!-- closure -->
        <test-method is-config="true" signature="createReport(org.testng.ITestResult)[pri:0, instance:com.lolc.testcases.web.SLLoginTestCase@1f2586d6]" started-at="2023-11-04T22:21:55 IST" name="createReport" finished-at="1970-01-01T05:30:00 IST" duration-ms="-1699116715966" status="SKIP">
          <reporter-output>
          </reporter-output>
        </test-method> <!-- createReport -->
        <test-method signature="verifyEmptyPassword()[pri:5, instance:com.lolc.testcases.web.SLLoginTestCase@1f2586d6]" started-at="2023-11-04T22:21:56 IST" name="verifyEmptyPassword" finished-at="2023-11-04T22:21:56 IST" duration-ms="0" status="SKIP">
          <exception class="java.lang.NullPointerException">
            <full-stacktrace>
              <![CDATA[java.lang.NullPointerException
at java.base/java.util.concurrent.ConcurrentHashMap.putVal(ConcurrentHashMap.java:1011)
at java.base/java.util.concurrent.ConcurrentHashMap.put(ConcurrentHashMap.java:1006)
at java.base/java.util.Properties.put(Properties.java:1326)
at java.base/java.util.Properties.setProperty(Properties.java:226)
at java.base/java.lang.System.setProperty(System.java:896)
at com.lolc.base.TestBase.setupWebdriver(TestBase.java:39)
at com.lolc.testcases.web.SLLoginTestCase.initialLoad(SLLoginTestCase.java:17)
at java.base/jdk.internal.reflect.NativeMethodAccessorImpl.invoke0(Native Method)
at java.base/jdk.internal.reflect.NativeMethodAccessorImpl.invoke(NativeMethodAccessorImpl.java:62)
at java.base/jdk.internal.reflect.DelegatingMethodAccessorImpl.invoke(DelegatingMethodAccessorImpl.java:43)
at java.base/java.lang.reflect.Method.invoke(Method.java:566)
at org.testng.internal.MethodInvocationHelper.invokeMethod(MethodInvocationHelper.java:132)
at org.testng.internal.MethodInvocationHelper.invokeMethodConsideringTimeout(MethodInvocationHelper.java:61)
at org.testng.internal.ConfigInvoker.invokeConfigurationMethod(ConfigInvoker.java:366)
at org.testng.internal.ConfigInvoker.invokeConfigurations(ConfigInvoker.java:320)
at org.testng.internal.TestInvoker.runConfigMethods(TestInvoker.java:701)
at org.testng.internal.TestInvoker.invokeMethod(TestInvoker.java:527)
at org.testng.internal.TestInvoker.invokeTestMethod(TestInvoker.java:174)
at org.testng.internal.MethodRunner.runInSequence(MethodRunner.java:46)
at org.testng.internal.TestInvoker$MethodInvocationAgent.invoke(TestInvoker.java:822)
at org.testng.internal.TestInvoker.invokeTestMethods(TestInvoker.java:147)
at org.testng.internal.TestMethodWorker.invokeTestMethods(TestMethodWorker.java:146)
at org.testng.internal.TestMethodWorker.run(TestMethodWorker.java:128)
at java.base/java.util.concurrent.ThreadPoolExecutor.runWorker(ThreadPoolExecutor.java:1128)
at java.base/java.util.concurrent.ThreadPoolExecutor$Worker.run(ThreadPoolExecutor.java:628)
at java.base/java.lang.Thread.run(Thread.java:834)
]]>
            </full-stacktrace>
          </exception> <!-- java.lang.NullPointerException -->
          <reporter-output>
          </reporter-output>
        </test-method> <!-- verifyEmptyPassword -->
        <test-method is-config="true" signature="createReport(org.testng.ITestResult)[pri:0, instance:com.lolc.testcases.web.SLLoginTestCase@1f2586d6]" started-at="2023-11-04T22:21:56 IST" name="createReport" finished-at="1970-01-01T05:30:00 IST" duration-ms="-1699116716021" status="SKIP">
          <reporter-output>
          </reporter-output>
        </test-method> <!-- createReport -->
        <test-method is-config="true" signature="closure()[pri:0, instance:com.lolc.testcases.web.SLLoginTestCase@1f2586d6]" started-at="2023-11-04T22:21:56 IST" name="closure" finished-at="1970-01-01T05:30:00 IST" duration-ms="-1699116716021" status="SKIP">
          <reporter-output>
          </reporter-output>
        </test-method> <!-- closure -->
        <test-method is-config="true" signature="tearDown()[pri:0, instance:com.lolc.testcases.web.SLLoginTestCase@1f2586d6]" started-at="2023-11-04T22:21:56 IST" name="tearDown" finished-at="1970-01-01T05:30:00 IST" duration-ms="-1699116716023" status="SKIP">
          <reporter-output>
          </reporter-output>
        </test-method> <!-- tearDown -->
      </class> <!-- com.lolc.testcases.web.SLLoginTestCase -->
    </test> <!-- LOLCTest -->
  </suite> <!-- LOLCTestSuite -->
</testng-results>
