<?xml version="1.0" encoding="UTF-8"?>
<!-- Generated by org.testng.reporters.JUnitXMLReporter -->
<testsuite ignored="0" hostname="HMBPro6" failures="0" tests="5" name="LOLCTest" time="6.832" errors="0" timestamp="2023-11-04T22:21:56 IST">
  <testcase classname="com.lolc.testcases.web.SLLoginTestCase" name="@BeforeMethod initialLoad" time="0.0">
    <failure type="java.lang.NullPointerException">
      <![CDATA[java.lang.NullPointerException
at java.base/java.util.concurrent.ConcurrentHashMap.putVal(ConcurrentHashMap.java:1011)
at java.base/java.util.concurrent.ConcurrentHashMap.put(ConcurrentHashMap.java:1006)
at java.base/java.util.Properties.put(Properties.java:1326)
at java.base/java.util.Properties.setProperty(Properties.java:226)
at java.base/java.lang.System.setProperty(System.java:896)
at com.lolc.base.TestBase.setupWebdriver(TestBase.java:39)
at com.lolc.testcases.web.SLLoginTestCase.initialLoad(SLLoginTestCase.java:17)
at java.base/java.util.concurrent.ThreadPoolExecutor.runWorker(ThreadPoolExecutor.java:1128)
at java.base/java.util.concurrent.ThreadPoolExecutor$Worker.run(ThreadPoolExecutor.java:628)
at java.base/java.lang.Thread.run(Thread.java:834)
... Removed 16 stack frames]]>
    </failure>
  </testcase> <!-- @BeforeMethod initialLoad -->
  <testcase classname="com.lolc.testcases.web.SLLoginTestCase" name="@AfterMethod closure" time="-1.699116709385E9">
    <skipped/>
  </testcase> <!-- @AfterMethod closure -->
  <testcase classname="com.lolc.report.Report" name="@AfterMethod createReport" time="-1.699116709385E9">
    <skipped/>
  </testcase> <!-- @AfterMethod createReport -->
  <testcase classname="com.lolc.testcases.web.SLLoginTestCase" name="@AfterMethod closure" time="-1.699116715683E9">
    <skipped/>
  </testcase> <!-- @AfterMethod closure -->
  <testcase classname="com.lolc.report.Report" name="@AfterMethod createReport" time="-1.699116715685E9">
    <skipped/>
  </testcase> <!-- @AfterMethod createReport -->
  <testcase classname="com.lolc.testcases.web.SLLoginTestCase" name="@AfterMethod closure" time="-1.699116715794E9">
    <skipped/>
  </testcase> <!-- @AfterMethod closure -->
  <testcase classname="com.lolc.report.Report" name="@AfterMethod createReport" time="-1.699116715794E9">
    <skipped/>
  </testcase> <!-- @AfterMethod createReport -->
  <testcase classname="com.lolc.testcases.web.SLLoginTestCase" name="@AfterMethod closure" time="-1.699116715966E9">
    <skipped/>
  </testcase> <!-- @AfterMethod closure -->
  <testcase classname="com.lolc.report.Report" name="@AfterMethod createReport" time="-1.699116715966E9">
    <skipped/>
  </testcase> <!-- @AfterMethod createReport -->
  <testcase classname="com.lolc.testcases.web.SLLoginTestCase" name="@AfterMethod closure" time="-1.699116716021E9">
    <skipped/>
  </testcase> <!-- @AfterMethod closure -->
  <testcase classname="com.lolc.report.Report" name="@AfterMethod createReport" time="-1.699116716021E9">
    <skipped/>
  </testcase> <!-- @AfterMethod createReport -->
  <testcase classname="com.lolc.report.Report" name="@AfterTest tearDown" time="-1.699116716023E9">
    <skipped/>
  </testcase> <!-- @AfterTest tearDown -->
  <testcase classname="com.lolc.testcases.web.SLLoginTestCase" name="verifyInvalidPassword" time="0.0">
    <skipped/>
  </testcase> <!-- verifyInvalidPassword -->
  <testcase classname="com.lolc.testcases.web.SLLoginTestCase" name="verifyInvalidUsername" time="0.0">
    <skipped/>
  </testcase> <!-- verifyInvalidUsername -->
  <testcase classname="com.lolc.testcases.web.SLLoginTestCase" name="verifyEmptyUsername" time="0.0">
    <skipped/>
  </testcase> <!-- verifyEmptyUsername -->
  <testcase classname="com.lolc.testcases.web.SLLoginTestCase" name="verifySuccessLogin" time="0.0">
    <skipped/>
  </testcase> <!-- verifySuccessLogin -->
  <testcase classname="com.lolc.testcases.web.SLLoginTestCase" name="verifyEmptyPassword" time="0.0">
    <skipped/>
  </testcase> <!-- verifyEmptyPassword -->
</testsuite> <!-- LOLCTest -->
